# Logfile created on Fri Mar 26 02:30:31 +0000 2010  [4;36;1mSQL (0.1ms)[0m   [0;1mSET NAMES 'utf8'[0m
  [4;35;1mSQL (0.1ms)[0m   [0mSET SQL_AUTO_IS_NULL=0[0m


Processing IndexController#index (for 127.0.0.1 at 2010-03-26 02:41:49) [GET]
  [4;36;1mPost Load (0.4ms)[0m   [0;1mSELECT * FROM `posts` WHERE (published = 1) ORDER BY created_at DESC[0m
Rendering index/index
  [4;35;1mPost Columns (1.0ms)[0m   [0mSHOW FIELDS FROM `posts`[0m
Completed in 375ms (View: 354, DB: 2) | 200 OK [http://rwd.local/]
  [4;36;1mSQL (0.1ms)[0m   [0;1mSET NAMES 'utf8'[0m
  [4;35;1mSQL (0.1ms)[0m   [0mSET SQL_AUTO_IS_NULL=0[0m


Processing IndexController#index (for 127.0.0.1 at 2010-03-26 02:43:04) [GET]
  [4;36;1mPost Load (0.4ms)[0m   [0;1mSELECT * FROM `posts` WHERE (published = 1) ORDER BY created_at DESC[0m
Rendering index/index
  [4;35;1mPost Columns (1.1ms)[0m   [0mSHOW FIELDS FROM `posts`[0m
Completed in 3512ms (View: 3, DB: 2) | 200 OK [http://rwd.local/]
  [4;36;1mSQL (0.1ms)[0m   [0;1mSET NAMES 'utf8'[0m
  [4;35;1mSQL (0.1ms)[0m   [0mSET SQL_AUTO_IS_NULL=0[0m


Processing IndexController#index (for 127.0.0.1 at 2010-03-26 02:49:19) [GET]
  [4;36;1mPost Load (0.3ms)[0m   [0;1mSELECT * FROM `posts` WHERE (published = 1) ORDER BY created_at DESC[0m
Rendering index/index
  [4;35;1mPost Columns (1.1ms)[0m   [0mSHOW FIELDS FROM `posts`[0m
Completed in 3319ms (View: 8, DB: 2) | 200 OK [http://rwd.local/]
  [4;36;1mSQL (0.1ms)[0m   [0;1mSET NAMES 'utf8'[0m
  [4;35;1mSQL (0.1ms)[0m   [0mSET SQL_AUTO_IS_NULL=0[0m


Processing IndexController#index (for 127.0.0.1 at 2010-03-26 02:53:47) [GET]
  [4;36;1mPost Load (0.3ms)[0m   [0;1mSELECT * FROM `posts` WHERE (published = 1) ORDER BY created_at DESC[0m
Rendering index/index
  [4;35;1mPost Columns (1.2ms)[0m   [0mSHOW FIELDS FROM `posts`[0m
Completed in 762ms (View: 2, DB: 2) | 200 OK [http://rwd.local/]
  [4;36;1mSQL (0.1ms)[0m   [0;1mSET NAMES 'utf8'[0m
  [4;35;1mSQL (0.1ms)[0m   [0mSET SQL_AUTO_IS_NULL=0[0m


Processing IndexController#index (for 127.0.0.1 at 2010-03-26 02:55:06) [GET]
  [4;36;1mPost Load (0.3ms)[0m   [0;1mSELECT * FROM `posts` WHERE (published = 1) ORDER BY created_at DESC[0m
Rendering index/index
  [4;35;1mPost Columns (1.1ms)[0m   [0mSHOW FIELDS FROM `posts`[0m
Completed in 1261ms (View: 3, DB: 2) | 200 OK [http://rwd.local/]
  [4;36;1mSQL (0.2ms)[0m   [0;1mSET NAMES 'utf8'[0m
  [4;35;1mSQL (0.1ms)[0m   [0mSET SQL_AUTO_IS_NULL=0[0m


Processing IndexController#index (for 127.0.0.1 at 2010-03-30 17:31:45) [GET]
  [4;36;1mPost Load (8.4ms)[0m   [0;1mSELECT * FROM `posts` WHERE (published = 1) ORDER BY created_at DESC[0m
Rendering index/index
  [4;35;1mPost Columns (1.2ms)[0m   [0mSHOW FIELDS FROM `posts`[0m
Completed in 1922ms (View: 164, DB: 10) | 200 OK [http://rwd.local/]
  [4;36;1mSQL (0.1ms)[0m   [0;1mSET NAMES 'utf8'[0m
  [4;35;1mSQL (0.1ms)[0m   [0mSET SQL_AUTO_IS_NULL=0[0m


Processing IndexController#index (for 127.0.0.1 at 2010-03-30 17:32:52) [GET]
  [4;36;1mPost Load (0.3ms)[0m   [0;1mSELECT * FROM `posts` WHERE (published = 1) ORDER BY created_at DESC[0m
Rendering index/index
  [4;35;1mPost Columns (1.2ms)[0m   [0mSHOW FIELDS FROM `posts`[0m
Completed in 1368ms (View: 6, DB: 2) | 200 OK [http://rwd.local/]
  [4;36;1mSQL (0.1ms)[0m   [0;1mSET NAMES 'utf8'[0m
  [4;35;1mSQL (0.1ms)[0m   [0mSET SQL_AUTO_IS_NULL=0[0m


Processing IndexController#index (for 127.0.0.1 at 2010-03-30 17:43:59) [GET]
  [4;36;1mPost Load (0.4ms)[0m   [0;1mSELECT * FROM `posts` WHERE (published = 1) ORDER BY created_at DESC[0m
Rendering index/index
  [4;35;1mPost Columns (1.2ms)[0m   [0mSHOW FIELDS FROM `posts`[0m
Completed in 1648ms (View: 36, DB: 2) | 200 OK [http://rwd.local/]
  [4;36;1mSQL (0.1ms)[0m   [0;1mSET NAMES 'utf8'[0m
  [4;35;1mSQL (0.1ms)[0m   [0mSET SQL_AUTO_IS_NULL=0[0m


Processing IndexController#index (for 127.0.0.1 at 2010-03-30 17:44:03) [GET]
  [4;36;1mPost Load (0.4ms)[0m   [0;1mSELECT * FROM `posts` WHERE (published = 1) ORDER BY created_at DESC[0m
Rendering index/index
  [4;35;1mPost Columns (1.2ms)[0m   [0mSHOW FIELDS FROM `posts`[0m
Completed in 1159ms (View: 2, DB: 2) | 200 OK [http://rwd.local/]
  [4;36;1mSQL (0.1ms)[0m   [0;1mSET NAMES 'utf8'[0m
  [4;35;1mSQL (0.1ms)[0m   [0mSET SQL_AUTO_IS_NULL=0[0m


Processing IndexController#index (for 127.0.0.1 at 2010-03-30 17:44:56) [GET]
  [4;36;1mPost Load (0.3ms)[0m   [0;1mSELECT * FROM `posts` WHERE (published = 1) ORDER BY created_at DESC[0m
Rendering index/index
  [4;35;1mPost Columns (1.0ms)[0m   [0mSHOW FIELDS FROM `posts`[0m
Completed in 1164ms (View: 2, DB: 2) | 200 OK [http://rwd.local/]
  [4;36;1mSQL (0.1ms)[0m   [0;1mSET NAMES 'utf8'[0m
  [4;35;1mSQL (0.1ms)[0m   [0mSET SQL_AUTO_IS_NULL=0[0m


Processing ApplicationController#index (for 127.0.0.1 at 2010-03-30 17:52:32) [GET]

ActionController::RoutingError (No route matches "/rss" with {:method=>:get}):
  passenger (2.2.9) lib/phusion_passenger/rack/request_handler.rb:92:in `process_request'
  passenger (2.2.9) lib/phusion_passenger/abstract_request_handler.rb:207:in `main_loop'
  passenger (2.2.9) lib/phusion_passenger/railz/application_spawner.rb:400:in `start_request_handler'
  passenger (2.2.9) lib/phusion_passenger/railz/application_spawner.rb:351:in `handle_spawn_application'
  passenger (2.2.9) lib/phusion_passenger/utils.rb:184:in `safe_fork'
  passenger (2.2.9) lib/phusion_passenger/railz/application_spawner.rb:349:in `handle_spawn_application'
  passenger (2.2.9) lib/phusion_passenger/abstract_server.rb:352:in `__send__'
  passenger (2.2.9) lib/phusion_passenger/abstract_server.rb:352:in `main_loop'
  passenger (2.2.9) lib/phusion_passenger/abstract_server.rb:196:in `start_synchronously'
  passenger (2.2.9) lib/phusion_passenger/abstract_server.rb:163:in `start'
  passenger (2.2.9) lib/phusion_passenger/railz/application_spawner.rb:209:in `start'
  passenger (2.2.9) lib/phusion_passenger/spawn_manager.rb:262:in `spawn_rails_application'
  passenger (2.2.9) lib/phusion_passenger/abstract_server_collection.rb:126:in `lookup_or_add'
  passenger (2.2.9) lib/phusion_passenger/spawn_manager.rb:256:in `spawn_rails_application'
  passenger (2.2.9) lib/phusion_passenger/abstract_server_collection.rb:80:in `synchronize'
  passenger (2.2.9) lib/phusion_passenger/abstract_server_collection.rb:79:in `synchronize'
  passenger (2.2.9) lib/phusion_passenger/spawn_manager.rb:255:in `spawn_rails_application'
  passenger (2.2.9) lib/phusion_passenger/spawn_manager.rb:154:in `spawn_application'
  passenger (2.2.9) lib/phusion_passenger/spawn_manager.rb:287:in `handle_spawn_application'
  passenger (2.2.9) lib/phusion_passenger/abstract_server.rb:352:in `__send__'
  passenger (2.2.9) lib/phusion_passenger/abstract_server.rb:352:in `main_loop'
  passenger (2.2.9) lib/phusion_passenger/abstract_server.rb:196:in `start_synchronously'

Rendering rescues/layout (not_found)
  [4;36;1mSQL (0.1ms)[0m   [0;1mSET NAMES 'utf8'[0m
  [4;35;1mSQL (0.1ms)[0m   [0mSET SQL_AUTO_IS_NULL=0[0m


Processing ApplicationController#index (for 127.0.0.1 at 2010-03-30 17:52:34) [GET]

ActionController::RoutingError (No route matches "/rss" with {:method=>:get}):
  passenger (2.2.9) lib/phusion_passenger/rack/request_handler.rb:92:in `process_request'
  passenger (2.2.9) lib/phusion_passenger/abstract_request_handler.rb:207:in `main_loop'
  passenger (2.2.9) lib/phusion_passenger/railz/application_spawner.rb:400:in `start_request_handler'
  passenger (2.2.9) lib/phusion_passenger/railz/application_spawner.rb:351:in `handle_spawn_application'
  passenger (2.2.9) lib/phusion_passenger/utils.rb:184:in `safe_fork'
  passenger (2.2.9) lib/phusion_passenger/railz/application_spawner.rb:349:in `handle_spawn_application'
  passenger (2.2.9) lib/phusion_passenger/abstract_server.rb:352:in `__send__'
  passenger (2.2.9) lib/phusion_passenger/abstract_server.rb:352:in `main_loop'
  passenger (2.2.9) lib/phusion_passenger/abstract_server.rb:196:in `start_synchronously'
  passenger (2.2.9) lib/phusion_passenger/abstract_server.rb:163:in `start'
  passenger (2.2.9) lib/phusion_passenger/railz/application_spawner.rb:209:in `start'
  passenger (2.2.9) lib/phusion_passenger/spawn_manager.rb:262:in `spawn_rails_application'
  passenger (2.2.9) lib/phusion_passenger/abstract_server_collection.rb:126:in `lookup_or_add'
  passenger (2.2.9) lib/phusion_passenger/spawn_manager.rb:256:in `spawn_rails_application'
  passenger (2.2.9) lib/phusion_passenger/abstract_server_collection.rb:80:in `synchronize'
  passenger (2.2.9) lib/phusion_passenger/abstract_server_collection.rb:79:in `synchronize'
  passenger (2.2.9) lib/phusion_passenger/spawn_manager.rb:255:in `spawn_rails_application'
  passenger (2.2.9) lib/phusion_passenger/spawn_manager.rb:154:in `spawn_application'
  passenger (2.2.9) lib/phusion_passenger/spawn_manager.rb:287:in `handle_spawn_application'
  passenger (2.2.9) lib/phusion_passenger/abstract_server.rb:352:in `__send__'
  passenger (2.2.9) lib/phusion_passenger/abstract_server.rb:352:in `main_loop'
  passenger (2.2.9) lib/phusion_passenger/abstract_server.rb:196:in `start_synchronously'

Rendering rescues/layout (not_found)
  [4;36;1mSQL (0.1ms)[0m   [0;1mSET NAMES 'utf8'[0m
  [4;35;1mSQL (0.1ms)[0m   [0mSET SQL_AUTO_IS_NULL=0[0m


Processing PostsController#rss (for 127.0.0.1 at 2010-03-30 17:53:06) [GET]
  [4;36;1mPost Load (0.4ms)[0m   [0;1mSELECT * FROM `posts` WHERE (published = 1) ORDER BY created_at DESC LIMIT 10[0m
Rendering posts/rss
  [4;35;1mPost Columns (0.9ms)[0m   [0mSHOW FIELDS FROM `posts`[0m
Completed in 27ms (View: 9, DB: 1) | 200 OK [http://rwd.local/rss]
  [4;36;1mSQL (0.1ms)[0m   [0;1mSET NAMES 'utf8'[0m
  [4;35;1mSQL (0.1ms)[0m   [0mSET SQL_AUTO_IS_NULL=0[0m


Processing IndexController#index (for 127.0.0.1 at 2010-03-30 18:01:51) [GET]
  [4;36;1mPost Load (0.4ms)[0m   [0;1mSELECT * FROM `posts` WHERE (published = 1) ORDER BY created_at DESC[0m
Rendering index/index
  [4;35;1mPost Columns (5.9ms)[0m   [0mSHOW FIELDS FROM `posts`[0m
Completed in 144ms (View: 114, DB: 6) | 200 OK [http://rwd.local/]
  [4;36;1mSQL (0.1ms)[0m   [0;1mSET NAMES 'utf8'[0m
  [4;35;1mSQL (0.1ms)[0m   [0mSET SQL_AUTO_IS_NULL=0[0m


Processing PostsController#rss (for 127.0.0.1 at 2010-03-30 18:03:40) [GET]
  [4;36;1mPost Load (0.4ms)[0m   [0;1mSELECT * FROM `posts` WHERE (published = 1) ORDER BY created_at DESC LIMIT 10[0m
Rendering posts/rss
  [4;35;1mPost Columns (9.9ms)[0m   [0mSHOW FIELDS FROM `posts`[0m
Completed in 30ms (View: 16, DB: 10) | 200 OK [http://rwd.local/rss]
  [4;36;1mSQL (0.2ms)[0m   [0;1mSET NAMES 'utf8'[0m
  [4;35;1mSQL (0.2ms)[0m   [0mSET SQL_AUTO_IS_NULL=0[0m


Processing IndexController#index (for 127.0.0.1 at 2010-03-30 18:05:32) [GET]
  [4;36;1mPost Load (0.4ms)[0m   [0;1mSELECT * FROM `posts` WHERE (published = 1) ORDER BY created_at DESC[0m
Rendering index/index
  [4;35;1mPost Columns (0.9ms)[0m   [0mSHOW FIELDS FROM `posts`[0m
Completed in 8ms (View: 2, DB: 2) | 200 OK [http://rwd.local/]
  [4;36;1mSQL (46.0ms)[0m   [0;1mSET NAMES 'utf8'[0m
  [4;35;1mSQL (4.7ms)[0m   [0mSET SQL_AUTO_IS_NULL=0[0m


Processing IndexController#index (for 127.0.0.1 at 2010-04-15 22:24:00) [GET]
  [4;36;1mPost Load (71.6ms)[0m   [0;1mSELECT * FROM `posts` WHERE (published = 1) ORDER BY created_at DESC[0m
Rendering index/index
  [4;35;1mPost Columns (74.2ms)[0m   [0mSHOW FIELDS FROM `posts`[0m
Completed in 470ms (View: 229, DB: 197) | 200 OK [http://rwd.local/]
  [4;36;1mSQL (0.1ms)[0m   [0;1mSET NAMES 'utf8'[0m
  [4;35;1mSQL (0.1ms)[0m   [0mSET SQL_AUTO_IS_NULL=0[0m


Processing IndexController#index (for 127.0.0.1 at 2010-04-15 22:26:26) [GET]
  [4;36;1mPost Load (0.4ms)[0m   [0;1mSELECT * FROM `posts` WHERE (published = 1) ORDER BY created_at DESC[0m
Rendering index/index
  [4;35;1mPost Columns (21.5ms)[0m   [0mSHOW FIELDS FROM `posts`[0m
Completed in 42ms (View: 2, DB: 22) | 200 OK [http://rwd.local/]
  [4;36;1mSQL (0.1ms)[0m   [0;1mSET NAMES 'utf8'[0m
  [4;35;1mSQL (0.1ms)[0m   [0mSET SQL_AUTO_IS_NULL=0[0m


Processing ApplicationController#index (for 127.0.0.1 at 2010-04-15 22:26:27) [GET]

ActionController::RoutingError (No route matches "/stylesheets/images/background.png" with {:method=>:get}):
  passenger (2.2.9) lib/phusion_passenger/rack/request_handler.rb:92:in `process_request'
  passenger (2.2.9) lib/phusion_passenger/abstract_request_handler.rb:207:in `main_loop'
  passenger (2.2.9) lib/phusion_passenger/railz/application_spawner.rb:400:in `start_request_handler'
  passenger (2.2.9) lib/phusion_passenger/railz/application_spawner.rb:351:in `handle_spawn_application'
  passenger (2.2.9) lib/phusion_passenger/utils.rb:184:in `safe_fork'
  passenger (2.2.9) lib/phusion_passenger/railz/application_spawner.rb:349:in `handle_spawn_application'
  passenger (2.2.9) lib/phusion_passenger/abstract_server.rb:352:in `__send__'
  passenger (2.2.9) lib/phusion_passenger/abstract_server.rb:352:in `main_loop'
  passenger (2.2.9) lib/phusion_passenger/abstract_server.rb:196:in `start_synchronously'
  passenger (2.2.9) lib/phusion_passenger/abstract_server.rb:163:in `start'
  passenger (2.2.9) lib/phusion_passenger/railz/application_spawner.rb:209:in `start'
  passenger (2.2.9) lib/phusion_passenger/spawn_manager.rb:262:in `spawn_rails_application'
  passenger (2.2.9) lib/phusion_passenger/abstract_server_collection.rb:126:in `lookup_or_add'
  passenger (2.2.9) lib/phusion_passenger/spawn_manager.rb:256:in `spawn_rails_application'
  passenger (2.2.9) lib/phusion_passenger/abstract_server_collection.rb:80:in `synchronize'
  passenger (2.2.9) lib/phusion_passenger/abstract_server_collection.rb:79:in `synchronize'
  passenger (2.2.9) lib/phusion_passenger/spawn_manager.rb:255:in `spawn_rails_application'
  passenger (2.2.9) lib/phusion_passenger/spawn_manager.rb:154:in `spawn_application'
  passenger (2.2.9) lib/phusion_passenger/spawn_manager.rb:287:in `handle_spawn_application'
  passenger (2.2.9) lib/phusion_passenger/abstract_server.rb:352:in `__send__'
  passenger (2.2.9) lib/phusion_passenger/abstract_server.rb:352:in `main_loop'
  passenger (2.2.9) lib/phusion_passenger/abstract_server.rb:196:in `start_synchronously'

Rendering rescues/layout (not_found)
  [4;36;1mSQL (0.1ms)[0m   [0;1mSET NAMES 'utf8'[0m
  [4;35;1mSQL (0.1ms)[0m   [0mSET SQL_AUTO_IS_NULL=0[0m


Processing IndexController#index (for 127.0.0.1 at 2010-04-15 22:26:33) [GET]
  [4;36;1mPost Load (0.4ms)[0m   [0;1mSELECT * FROM `posts` WHERE (published = 1) ORDER BY created_at DESC[0m
Rendering index/index
  [4;35;1mPost Columns (1.2ms)[0m   [0mSHOW FIELDS FROM `posts`[0m
Completed in 7ms (View: 2, DB: 2) | 200 OK [http://rwd.local/]
  [4;36;1mSQL (0.1ms)[0m   [0;1mSET NAMES 'utf8'[0m
  [4;35;1mSQL (0.1ms)[0m   [0mSET SQL_AUTO_IS_NULL=0[0m


Processing IndexController#index (for 127.0.0.1 at 2010-04-15 22:26:44) [GET]
  [4;36;1mPost Load (0.4ms)[0m   [0;1mSELECT * FROM `posts` WHERE (published = 1) ORDER BY created_at DESC[0m
Rendering index/index
  [4;35;1mPost Columns (1.0ms)[0m   [0mSHOW FIELDS FROM `posts`[0m
Completed in 56ms (View: 2, DB: 2) | 200 OK [http://rwd.local/]
  [4;36;1mSQL (0.1ms)[0m   [0;1mSET NAMES 'utf8'[0m
  [4;35;1mSQL (0.1ms)[0m   [0mSET SQL_AUTO_IS_NULL=0[0m


Processing IndexController#index (for 127.0.0.1 at 2010-04-15 22:27:40) [GET]
  [4;36;1mPost Load (0.4ms)[0m   [0;1mSELECT * FROM `posts` WHERE (published = 1) ORDER BY created_at DESC[0m
Rendering index/index
  [4;35;1mPost Columns (19.3ms)[0m   [0mSHOW FIELDS FROM `posts`[0m
Completed in 25ms (View: 2, DB: 20) | 200 OK [http://rwd.local/]
  [4;36;1mSQL (0.1ms)[0m   [0;1mSET NAMES 'utf8'[0m
  [4;35;1mSQL (0.1ms)[0m   [0mSET SQL_AUTO_IS_NULL=0[0m


Processing IndexController#index (for 127.0.0.1 at 2010-04-15 22:27:45) [GET]
  [4;36;1mPost Load (0.4ms)[0m   [0;1mSELECT * FROM `posts` WHERE (published = 1) ORDER BY created_at DESC[0m
Rendering index/index
  [4;35;1mPost Columns (0.9ms)[0m   [0mSHOW FIELDS FROM `posts`[0m
Completed in 7ms (View: 2, DB: 1) | 200 OK [http://rwd.local/]
  [4;36;1mSQL (0.1ms)[0m   [0;1mSET NAMES 'utf8'[0m
  [4;35;1mSQL (0.1ms)[0m   [0mSET SQL_AUTO_IS_NULL=0[0m


Processing IndexController#index (for 127.0.0.1 at 2010-04-15 22:27:57) [GET]
  [4;36;1mPost Load (0.3ms)[0m   [0;1mSELECT * FROM `posts` WHERE (published = 1) ORDER BY created_at DESC[0m
Rendering index/index
  [4;35;1mPost Columns (1.0ms)[0m   [0mSHOW FIELDS FROM `posts`[0m
Completed in 8ms (View: 3, DB: 1) | 200 OK [http://rwd.local/]
  [4;36;1mSQL (0.1ms)[0m   [0;1mSET NAMES 'utf8'[0m
  [4;35;1mSQL (0.1ms)[0m   [0mSET SQL_AUTO_IS_NULL=0[0m


Processing IndexController#index (for 127.0.0.1 at 2010-04-15 22:28:23) [GET]
  [4;36;1mPost Load (10.5ms)[0m   [0;1mSELECT * FROM `posts` WHERE (published = 1) ORDER BY created_at DESC[0m
Rendering index/index
  [4;35;1mPost Columns (1.0ms)[0m   [0mSHOW FIELDS FROM `posts`[0m
Completed in 17ms (View: 2, DB: 12) | 200 OK [http://rwd.local/]
  [4;36;1mSQL (0.1ms)[0m   [0;1mSET NAMES 'utf8'[0m
  [4;35;1mSQL (0.1ms)[0m   [0mSET SQL_AUTO_IS_NULL=0[0m


Processing IndexController#index (for 127.0.0.1 at 2010-04-15 22:28:28) [GET]
  [4;36;1mPost Load (0.3ms)[0m   [0;1mSELECT * FROM `posts` WHERE (published = 1) ORDER BY created_at DESC[0m
Rendering index/index
  [4;35;1mPost Columns (1.0ms)[0m   [0mSHOW FIELDS FROM `posts`[0m
Completed in 7ms (View: 2, DB: 1) | 200 OK [http://rwd.local/]
  [4;36;1mSQL (0.1ms)[0m   [0;1mSET NAMES 'utf8'[0m
  [4;35;1mSQL (0.1ms)[0m   [0mSET SQL_AUTO_IS_NULL=0[0m


Processing IndexController#index (for 127.0.0.1 at 2010-04-15 22:28:32) [GET]
  [4;36;1mPost Load (0.4ms)[0m   [0;1mSELECT * FROM `posts` WHERE (published = 1) ORDER BY created_at DESC[0m
Rendering index/index
  [4;35;1mPost Columns (0.9ms)[0m   [0mSHOW FIELDS FROM `posts`[0m
Completed in 7ms (View: 2, DB: 1) | 200 OK [http://rwd.local/]
  [4;36;1mSQL (0.1ms)[0m   [0;1mSET NAMES 'utf8'[0m
  [4;35;1mSQL (0.1ms)[0m   [0mSET SQL_AUTO_IS_NULL=0[0m


Processing IndexController#index (for 127.0.0.1 at 2010-04-15 22:28:41) [GET]
  [4;36;1mPost Load (0.3ms)[0m   [0;1mSELECT * FROM `posts` WHERE (published = 1) ORDER BY created_at DESC[0m
Rendering index/index
  [4;35;1mPost Columns (0.9ms)[0m   [0mSHOW FIELDS FROM `posts`[0m
Completed in 7ms (View: 2, DB: 1) | 200 OK [http://rwd.local/]
  [4;36;1mSQL (0.1ms)[0m   [0;1mSET NAMES 'utf8'[0m
  [4;35;1mSQL (0.1ms)[0m   [0mSET SQL_AUTO_IS_NULL=0[0m


Processing IndexController#index (for 127.0.0.1 at 2010-04-15 22:28:46) [GET]
  [4;36;1mPost Load (0.3ms)[0m   [0;1mSELECT * FROM `posts` WHERE (published = 1) ORDER BY created_at DESC[0m
Rendering index/index
  [4;35;1mPost Columns (1.0ms)[0m   [0mSHOW FIELDS FROM `posts`[0m
Completed in 7ms (View: 2, DB: 1) | 200 OK [http://rwd.local/]
  [4;36;1mSQL (0.1ms)[0m   [0;1mSET NAMES 'utf8'[0m
  [4;35;1mSQL (0.1ms)[0m   [0mSET SQL_AUTO_IS_NULL=0[0m


Processing IndexController#index (for 127.0.0.1 at 2010-04-15 22:29:16) [GET]
  [4;36;1mPost Load (0.3ms)[0m   [0;1mSELECT * FROM `posts` WHERE (published = 1) ORDER BY created_at DESC[0m
Rendering index/index
  [4;35;1mPost Columns (1.0ms)[0m   [0mSHOW FIELDS FROM `posts`[0m
Completed in 7ms (View: 2, DB: 2) | 200 OK [http://rwd.local/]
  [4;36;1mSQL (0.1ms)[0m   [0;1mSET NAMES 'utf8'[0m
  [4;35;1mSQL (0.1ms)[0m   [0mSET SQL_AUTO_IS_NULL=0[0m


Processing IndexController#index (for 127.0.0.1 at 2010-04-15 22:29:49) [GET]
  [4;36;1mPost Load (0.3ms)[0m   [0;1mSELECT * FROM `posts` WHERE (published = 1) ORDER BY created_at DESC[0m
Rendering index/index
  [4;35;1mPost Columns (0.9ms)[0m   [0mSHOW FIELDS FROM `posts`[0m
Completed in 7ms (View: 2, DB: 1) | 200 OK [http://rwd.local/]
  [4;36;1mSQL (0.1ms)[0m   [0;1mSET NAMES 'utf8'[0m
  [4;35;1mSQL (0.1ms)[0m   [0mSET SQL_AUTO_IS_NULL=0[0m


Processing IndexController#index (for 127.0.0.1 at 2010-04-15 22:30:03) [GET]
  [4;36;1mPost Load (0.3ms)[0m   [0;1mSELECT * FROM `posts` WHERE (published = 1) ORDER BY created_at DESC[0m
Rendering index/index
  [4;35;1mPost Columns (0.9ms)[0m   [0mSHOW FIELDS FROM `posts`[0m
Completed in 7ms (View: 2, DB: 1) | 200 OK [http://rwd.local/]
  [4;36;1mSQL (0.1ms)[0m   [0;1mSET NAMES 'utf8'[0m
  [4;35;1mSQL (0.1ms)[0m   [0mSET SQL_AUTO_IS_NULL=0[0m


Processing IndexController#index (for 127.0.0.1 at 2010-04-15 22:30:19) [GET]
  [4;36;1mPost Load (0.3ms)[0m   [0;1mSELECT * FROM `posts` WHERE (published = 1) ORDER BY created_at DESC[0m
Rendering index/index
  [4;35;1mPost Columns (1.0ms)[0m   [0mSHOW FIELDS FROM `posts`[0m
Completed in 7ms (View: 2, DB: 2) | 200 OK [http://rwd.local/]
  [4;36;1mSQL (0.1ms)[0m   [0;1mSET NAMES 'utf8'[0m
  [4;35;1mSQL (0.1ms)[0m   [0mSET SQL_AUTO_IS_NULL=0[0m


Processing IndexController#index (for 127.0.0.1 at 2010-04-15 22:31:13) [GET]
  [4;36;1mPost Load (0.4ms)[0m   [0;1mSELECT * FROM `posts` WHERE (published = 1) ORDER BY created_at DESC[0m
Rendering index/index
  [4;35;1mPost Columns (1.0ms)[0m   [0mSHOW FIELDS FROM `posts`[0m
Completed in 54ms (View: 2, DB: 2) | 200 OK [http://rwd.local/]
  [4;36;1mSQL (0.1ms)[0m   [0;1mSET NAMES 'utf8'[0m
  [4;35;1mSQL (0.1ms)[0m   [0mSET SQL_AUTO_IS_NULL=0[0m


Processing IndexController#index (for 127.0.0.1 at 2010-04-15 22:35:38) [GET]
  [4;36;1mPost Load (0.4ms)[0m   [0;1mSELECT * FROM `posts` WHERE (published = 1) ORDER BY created_at DESC[0m
Rendering index/index
  [4;35;1mPost Columns (16.7ms)[0m   [0mSHOW FIELDS FROM `posts`[0m
Completed in 23ms (View: 2, DB: 17) | 200 OK [http://rwd.local/]
  [4;36;1mSQL (0.1ms)[0m   [0;1mSET NAMES 'utf8'[0m
  [4;35;1mSQL (0.1ms)[0m   [0mSET SQL_AUTO_IS_NULL=0[0m


Processing IndexController#index (for 127.0.0.1 at 2010-04-15 22:35:48) [GET]
  [4;36;1mPost Load (0.4ms)[0m   [0;1mSELECT * FROM `posts` WHERE (published = 1) ORDER BY created_at DESC[0m
Rendering index/index
  [4;35;1mPost Columns (0.9ms)[0m   [0mSHOW FIELDS FROM `posts`[0m
Completed in 7ms (View: 2, DB: 1) | 200 OK [http://rwd.local/]
  [4;36;1mSQL (0.1ms)[0m   [0;1mSET NAMES 'utf8'[0m
  [4;35;1mSQL (0.1ms)[0m   [0mSET SQL_AUTO_IS_NULL=0[0m


Processing IndexController#index (for 127.0.0.1 at 2010-04-15 22:36:05) [GET]
  [4;36;1mPost Load (0.3ms)[0m   [0;1mSELECT * FROM `posts` WHERE (published = 1) ORDER BY created_at DESC[0m
Rendering index/index
  [4;35;1mPost Columns (0.9ms)[0m   [0mSHOW FIELDS FROM `posts`[0m
Completed in 7ms (View: 2, DB: 1) | 200 OK [http://rwd.local/]
  [4;36;1mSQL (0.1ms)[0m   [0;1mSET NAMES 'utf8'[0m
  [4;35;1mSQL (0.1ms)[0m   [0mSET SQL_AUTO_IS_NULL=0[0m


Processing IndexController#index (for 127.0.0.1 at 2010-04-15 22:36:16) [GET]
  [4;36;1mPost Load (0.3ms)[0m   [0;1mSELECT * FROM `posts` WHERE (published = 1) ORDER BY created_at DESC[0m
Rendering index/index
  [4;35;1mPost Columns (0.9ms)[0m   [0mSHOW FIELDS FROM `posts`[0m
Completed in 7ms (View: 2, DB: 1) | 200 OK [http://rwd.local/]
  [4;36;1mSQL (0.1ms)[0m   [0;1mSET NAMES 'utf8'[0m
  [4;35;1mSQL (0.1ms)[0m   [0mSET SQL_AUTO_IS_NULL=0[0m


Processing IndexController#index (for 127.0.0.1 at 2010-04-15 22:36:23) [GET]
  [4;36;1mPost Load (0.3ms)[0m   [0;1mSELECT * FROM `posts` WHERE (published = 1) ORDER BY created_at DESC[0m
Rendering index/index
  [4;35;1mPost Columns (0.9ms)[0m   [0mSHOW FIELDS FROM `posts`[0m
Completed in 7ms (View: 2, DB: 1) | 200 OK [http://rwd.local/]
  [4;36;1mSQL (0.1ms)[0m   [0;1mSET NAMES 'utf8'[0m
  [4;35;1mSQL (0.1ms)[0m   [0mSET SQL_AUTO_IS_NULL=0[0m


Processing IndexController#index (for 127.0.0.1 at 2010-04-15 22:36:27) [GET]
  [4;36;1mPost Load (0.3ms)[0m   [0;1mSELECT * FROM `posts` WHERE (published = 1) ORDER BY created_at DESC[0m
Rendering index/index
  [4;35;1mPost Columns (1.0ms)[0m   [0mSHOW FIELDS FROM `posts`[0m
Completed in 7ms (View: 2, DB: 1) | 200 OK [http://rwd.local/]
  [4;36;1mSQL (0.1ms)[0m   [0;1mSET NAMES 'utf8'[0m
  [4;35;1mSQL (0.1ms)[0m   [0mSET SQL_AUTO_IS_NULL=0[0m


Processing IndexController#index (for 127.0.0.1 at 2010-04-15 22:36:37) [GET]
  [4;36;1mPost Load (0.4ms)[0m   [0;1mSELECT * FROM `posts` WHERE (published = 1) ORDER BY created_at DESC[0m
Rendering index/index
  [4;35;1mPost Columns (0.9ms)[0m   [0mSHOW FIELDS FROM `posts`[0m
Completed in 7ms (View: 2, DB: 1) | 200 OK [http://rwd.local/]
  [4;36;1mSQL (0.1ms)[0m   [0;1mSET NAMES 'utf8'[0m
  [4;35;1mSQL (0.1ms)[0m   [0mSET SQL_AUTO_IS_NULL=0[0m


Processing IndexController#index (for 127.0.0.1 at 2010-04-15 22:36:43) [GET]
  [4;36;1mPost Load (0.3ms)[0m   [0;1mSELECT * FROM `posts` WHERE (published = 1) ORDER BY created_at DESC[0m
Rendering index/index
  [4;35;1mPost Columns (0.9ms)[0m   [0mSHOW FIELDS FROM `posts`[0m
Completed in 7ms (View: 2, DB: 1) | 200 OK [http://rwd.local/]
  [4;36;1mSQL (0.1ms)[0m   [0;1mSET NAMES 'utf8'[0m
  [4;35;1mSQL (0.1ms)[0m   [0mSET SQL_AUTO_IS_NULL=0[0m


Processing IndexController#index (for 127.0.0.1 at 2010-04-15 22:36:51) [GET]
  [4;36;1mPost Load (0.3ms)[0m   [0;1mSELECT * FROM `posts` WHERE (published = 1) ORDER BY created_at DESC[0m
Rendering index/index
  [4;35;1mPost Columns (1.0ms)[0m   [0mSHOW FIELDS FROM `posts`[0m
Completed in 7ms (View: 2, DB: 1) | 200 OK [http://rwd.local/]
  [4;36;1mSQL (0.1ms)[0m   [0;1mSET NAMES 'utf8'[0m
  [4;35;1mSQL (0.1ms)[0m   [0mSET SQL_AUTO_IS_NULL=0[0m


Processing IndexController#index (for 127.0.0.1 at 2010-04-15 22:36:57) [GET]
  [4;36;1mPost Load (0.3ms)[0m   [0;1mSELECT * FROM `posts` WHERE (published = 1) ORDER BY created_at DESC[0m
Rendering index/index
  [4;35;1mPost Columns (1.0ms)[0m   [0mSHOW FIELDS FROM `posts`[0m
Completed in 7ms (View: 2, DB: 2) | 200 OK [http://rwd.local/]
  [4;36;1mSQL (0.1ms)[0m   [0;1mSET NAMES 'utf8'[0m
  [4;35;1mSQL (0.1ms)[0m   [0mSET SQL_AUTO_IS_NULL=0[0m


Processing IndexController#index (for 127.0.0.1 at 2010-04-15 22:37:30) [GET]
  [4;36;1mPost Load (0.3ms)[0m   [0;1mSELECT * FROM `posts` WHERE (published = 1) ORDER BY created_at DESC[0m
Rendering index/index
  [4;35;1mPost Columns (0.9ms)[0m   [0mSHOW FIELDS FROM `posts`[0m
Completed in 7ms (View: 2, DB: 1) | 200 OK [http://rwd.local/]
  [4;36;1mSQL (0.1ms)[0m   [0;1mSET NAMES 'utf8'[0m
  [4;35;1mSQL (0.1ms)[0m   [0mSET SQL_AUTO_IS_NULL=0[0m


Processing IndexController#index (for 127.0.0.1 at 2010-04-15 22:39:51) [GET]
  [4;36;1mPost Load (0.3ms)[0m   [0;1mSELECT * FROM `posts` WHERE (published = 1) ORDER BY created_at DESC[0m
Rendering index/index
  [4;35;1mPost Columns (0.9ms)[0m   [0mSHOW FIELDS FROM `posts`[0m
Completed in 10ms (View: 5, DB: 1) | 200 OK [http://rwd.local/]
  [4;36;1mSQL (0.1ms)[0m   [0;1mSET NAMES 'utf8'[0m
  [4;35;1mSQL (0.1ms)[0m   [0mSET SQL_AUTO_IS_NULL=0[0m


Processing IndexController#index (for 127.0.0.1 at 2010-04-15 22:40:44) [GET]
  [4;36;1mPost Load (0.3ms)[0m   [0;1mSELECT * FROM `posts` WHERE (published = 1) ORDER BY created_at DESC[0m
Rendering index/index
  [4;35;1mPost Columns (1.0ms)[0m   [0mSHOW FIELDS FROM `posts`[0m
Completed in 7ms (View: 2, DB: 2) | 200 OK [http://rwd.local/]
  [4;36;1mSQL (0.1ms)[0m   [0;1mSET NAMES 'utf8'[0m
  [4;35;1mSQL (0.1ms)[0m   [0mSET SQL_AUTO_IS_NULL=0[0m


Processing IndexController#index (for 127.0.0.1 at 2010-04-15 22:41:22) [GET]
  [4;36;1mPost Load (0.3ms)[0m   [0;1mSELECT * FROM `posts` WHERE (published = 1) ORDER BY created_at DESC[0m
Rendering index/index
  [4;35;1mPost Columns (1.0ms)[0m   [0mSHOW FIELDS FROM `posts`[0m
Completed in 11ms (View: 6, DB: 1) | 200 OK [http://rwd.local/]
  [4;36;1mSQL (0.1ms)[0m   [0;1mSET NAMES 'utf8'[0m
  [4;35;1mSQL (0.1ms)[0m   [0mSET SQL_AUTO_IS_NULL=0[0m


Processing IndexController#index (for 127.0.0.1 at 2010-04-15 22:42:11) [GET]
  [4;36;1mPost Load (0.3ms)[0m   [0;1mSELECT * FROM `posts` WHERE (published = 1) ORDER BY created_at DESC[0m
Rendering index/index
  [4;35;1mPost Columns (1.0ms)[0m   [0mSHOW FIELDS FROM `posts`[0m
Completed in 7ms (View: 2, DB: 2) | 200 OK [http://rwd.local/]
  [4;36;1mSQL (0.1ms)[0m   [0;1mSET NAMES 'utf8'[0m
  [4;35;1mSQL (0.1ms)[0m   [0mSET SQL_AUTO_IS_NULL=0[0m


Processing IndexController#index (for 127.0.0.1 at 2010-04-15 22:42:44) [GET]
  [4;36;1mPost Load (0.3ms)[0m   [0;1mSELECT * FROM `posts` WHERE (published = 1) ORDER BY created_at DESC[0m
Rendering index/index
  [4;35;1mPost Columns (0.9ms)[0m   [0mSHOW FIELDS FROM `posts`[0m
Completed in 7ms (View: 2, DB: 1) | 200 OK [http://rwd.local/]
  [4;36;1mSQL (0.1ms)[0m   [0;1mSET NAMES 'utf8'[0m
  [4;35;1mSQL (0.1ms)[0m   [0mSET SQL_AUTO_IS_NULL=0[0m


Processing IndexController#index (for 127.0.0.1 at 2010-04-15 22:42:56) [GET]
  [4;36;1mPost Load (0.3ms)[0m   [0;1mSELECT * FROM `posts` WHERE (published = 1) ORDER BY created_at DESC[0m
Rendering index/index
  [4;35;1mPost Columns (0.9ms)[0m   [0mSHOW FIELDS FROM `posts`[0m
Completed in 7ms (View: 2, DB: 1) | 200 OK [http://rwd.local/]
  [4;36;1mSQL (0.1ms)[0m   [0;1mSET NAMES 'utf8'[0m
  [4;35;1mSQL (0.1ms)[0m   [0mSET SQL_AUTO_IS_NULL=0[0m


Processing IndexController#index (for 127.0.0.1 at 2010-04-15 22:43:02) [GET]
  [4;36;1mPost Load (0.4ms)[0m   [0;1mSELECT * FROM `posts` WHERE (published = 1) ORDER BY created_at DESC[0m
Rendering index/index
  [4;35;1mPost Columns (1.0ms)[0m   [0mSHOW FIELDS FROM `posts`[0m
Completed in 7ms (View: 2, DB: 2) | 200 OK [http://rwd.local/]
  [4;36;1mSQL (0.1ms)[0m   [0;1mSET NAMES 'utf8'[0m
  [4;35;1mSQL (0.1ms)[0m   [0mSET SQL_AUTO_IS_NULL=0[0m


Processing IndexController#index (for 127.0.0.1 at 2010-04-15 22:43:03) [GET]
  [4;36;1mPost Load (0.3ms)[0m   [0;1mSELECT * FROM `posts` WHERE (published = 1) ORDER BY created_at DESC[0m
Rendering index/index
  [4;35;1mPost Columns (1.0ms)[0m   [0mSHOW FIELDS FROM `posts`[0m
Completed in 55ms (View: 2, DB: 1) | 200 OK [http://rwd.local/]
  [4;36;1mSQL (0.1ms)[0m   [0;1mSET NAMES 'utf8'[0m
  [4;35;1mSQL (0.1ms)[0m   [0mSET SQL_AUTO_IS_NULL=0[0m


Processing IndexController#index (for 127.0.0.1 at 2010-04-15 22:43:05) [GET]
  [4;36;1mPost Load (0.4ms)[0m   [0;1mSELECT * FROM `posts` WHERE (published = 1) ORDER BY created_at DESC[0m
Rendering index/index
  [4;35;1mPost Columns (2.1ms)[0m   [0mSHOW FIELDS FROM `posts`[0m
Completed in 8ms (View: 2, DB: 3) | 200 OK [http://rwd.local/]
  [4;36;1mSQL (0.1ms)[0m   [0;1mSET NAMES 'utf8'[0m
  [4;35;1mSQL (0.1ms)[0m   [0mSET SQL_AUTO_IS_NULL=0[0m


Processing IndexController#index (for 127.0.0.1 at 2010-04-15 22:43:08) [GET]
  [4;36;1mPost Load (0.3ms)[0m   [0;1mSELECT * FROM `posts` WHERE (published = 1) ORDER BY created_at DESC[0m
Rendering index/index
  [4;35;1mPost Columns (1.0ms)[0m   [0mSHOW FIELDS FROM `posts`[0m
Completed in 7ms (View: 2, DB: 1) | 200 OK [http://rwd.local/]
  [4;36;1mSQL (0.1ms)[0m   [0;1mSET NAMES 'utf8'[0m
  [4;35;1mSQL (0.1ms)[0m   [0mSET SQL_AUTO_IS_NULL=0[0m


Processing IndexController#index (for 127.0.0.1 at 2010-04-15 22:43:16) [GET]
  [4;36;1mPost Load (0.3ms)[0m   [0;1mSELECT * FROM `posts` WHERE (published = 1) ORDER BY created_at DESC[0m
Rendering index/index
  [4;35;1mPost Columns (0.9ms)[0m   [0mSHOW FIELDS FROM `posts`[0m
Completed in 7ms (View: 2, DB: 1) | 200 OK [http://rwd.local/]
  [4;36;1mSQL (0.1ms)[0m   [0;1mSET NAMES 'utf8'[0m
  [4;35;1mSQL (0.1ms)[0m   [0mSET SQL_AUTO_IS_NULL=0[0m


Processing IndexController#index (for 127.0.0.1 at 2010-04-15 22:50:11) [GET]
  [4;36;1mPost Load (0.4ms)[0m   [0;1mSELECT * FROM `posts` WHERE (published = 1) ORDER BY created_at DESC[0m
Rendering index/index
  [4;35;1mPost Columns (30.7ms)[0m   [0mSHOW FIELDS FROM `posts`[0m
Completed in 281ms (View: 188, DB: 31) | 200 OK [http://rwd.local/]
  [4;36;1mSQL (0.1ms)[0m   [0;1mSET NAMES 'utf8'[0m
  [4;35;1mSQL (0.1ms)[0m   [0mSET SQL_AUTO_IS_NULL=0[0m


Processing IndexController#index (for 127.0.0.1 at 2010-04-15 22:51:43) [GET]
  [4;36;1mPost Load (0.3ms)[0m   [0;1mSELECT * FROM `posts` WHERE (published = 1) ORDER BY created_at DESC[0m
Rendering index/index
  [4;35;1mPost Columns (1.0ms)[0m   [0mSHOW FIELDS FROM `posts`[0m
Completed in 11ms (View: 5, DB: 2) | 200 OK [http://rwd.local/]
  [4;36;1mSQL (0.1ms)[0m   [0;1mSET NAMES 'utf8'[0m
  [4;35;1mSQL (0.1ms)[0m   [0mSET SQL_AUTO_IS_NULL=0[0m


Processing IndexController#index (for 127.0.0.1 at 2010-04-15 22:52:48) [GET]
  [4;36;1mPost Load (0.3ms)[0m   [0;1mSELECT * FROM `posts` WHERE (published = 1) ORDER BY created_at DESC[0m
Rendering index/index
  [4;35;1mPost Columns (1.0ms)[0m   [0mSHOW FIELDS FROM `posts`[0m
Completed in 7ms (View: 2, DB: 1) | 200 OK [http://rwd.local/]
  [4;36;1mSQL (0.1ms)[0m   [0;1mSET NAMES 'utf8'[0m
  [4;35;1mSQL (0.1ms)[0m   [0mSET SQL_AUTO_IS_NULL=0[0m


Processing IndexController#index (for 127.0.0.1 at 2010-04-15 22:53:03) [GET]
  [4;36;1mPost Load (0.4ms)[0m   [0;1mSELECT * FROM `posts` WHERE (published = 1) ORDER BY created_at DESC[0m
Rendering index/index
  [4;35;1mPost Columns (0.9ms)[0m   [0mSHOW FIELDS FROM `posts`[0m
Completed in 7ms (View: 2, DB: 1) | 200 OK [http://rwd.local/]
  [4;36;1mSQL (0.1ms)[0m   [0;1mSET NAMES 'utf8'[0m
  [4;35;1mSQL (0.1ms)[0m   [0mSET SQL_AUTO_IS_NULL=0[0m


Processing IndexController#index (for 127.0.0.1 at 2010-04-15 22:53:11) [GET]
  [4;36;1mPost Load (0.3ms)[0m   [0;1mSELECT * FROM `posts` WHERE (published = 1) ORDER BY created_at DESC[0m
Rendering index/index
  [4;35;1mPost Columns (1.0ms)[0m   [0mSHOW FIELDS FROM `posts`[0m
Completed in 57ms (View: 2, DB: 1) | 200 OK [http://rwd.local/]
  [4;36;1mSQL (0.1ms)[0m   [0;1mSET NAMES 'utf8'[0m
  [4;35;1mSQL (0.1ms)[0m   [0mSET SQL_AUTO_IS_NULL=0[0m


Processing IndexController#index (for 127.0.0.1 at 2010-04-15 22:53:15) [GET]
  [4;36;1mPost Load (0.3ms)[0m   [0;1mSELECT * FROM `posts` WHERE (published = 1) ORDER BY created_at DESC[0m
Rendering index/index
  [4;35;1mPost Columns (1.0ms)[0m   [0mSHOW FIELDS FROM `posts`[0m
Completed in 7ms (View: 2, DB: 1) | 200 OK [http://rwd.local/]
